<?xml version="1.0" encoding="UTF-8"?>
<robot generator="Robot 7.4.1 (Python 3.13.12 on win32)" generated="2026-02-11T09:40:12.653333" rpa="false" schemaversion="5">
<suite id="s1" name="Tests" source="C:\POEI\dev\Mini_projet_robot_framework\tests">
<suite id="s1-s1" name="checkoutTest" source="C:\POEI\dev\Mini_projet_robot_framework\tests\checkoutTest.robot">
<test id="s1-s1-t1" name="test processus achat" line="11">
<kw name="open" owner="setup_teardown" type="SETUP">
<kw name="Open Browser" owner="SeleniumLibrary">
<msg time="2026-02-11T09:40:12.821398" level="INFO">Opening browser 'chrome' to base url 'https://www.saucedemo.com/'.</msg>
<arg>${monURL}</arg>
<arg>${BROWSER}</arg>
<arg>options=add_argument("--incognito")</arg>
<doc>Opens a new browser instance to the optional ``url``.</doc>
<status status="PASS" start="2026-02-11T09:40:12.821229" elapsed="0.865546"/>
</kw>
<kw name="Maximize Browser Window" owner="SeleniumLibrary">
<doc>Maximizes current browser window.</doc>
<status status="PASS" start="2026-02-11T09:40:13.686955" elapsed="0.031698"/>
</kw>
<status status="PASS" start="2026-02-11T09:40:12.820830" elapsed="0.897930"/>
</kw>
<kw name="login" owner="loginPage">
<kw name="Input Text" owner="SeleniumLibrary">
<msg time="2026-02-11T09:40:13.719849" level="INFO">Typing text 'standard_user' into text field 'id:user-name'.</msg>
<arg>${usernameInput}</arg>
<arg>${username}</arg>
<doc>Types the given ``text`` into the text field identified by ``locator``.</doc>
<status status="PASS" start="2026-02-11T09:40:13.719481" elapsed="0.067600"/>
</kw>
<kw name="Input Password" owner="SeleniumLibrary">
<msg time="2026-02-11T09:40:13.787448" level="INFO">Typing password into text field 'id:password'.</msg>
<msg time="2026-02-11T09:40:13.806257" level="INFO">Temporally setting log level to: NONE</msg>
<arg>${passwordInput}</arg>
<arg>${password}</arg>
<doc>Types the given password into the text field identified by ``locator``.</doc>
<status status="PASS" start="2026-02-11T09:40:13.787237" elapsed="0.051491"/>
</kw>
<kw name="Click Button" owner="SeleniumLibrary">
<msg time="2026-02-11T09:40:13.839023" level="INFO">Clicking button 'id:login-button'.</msg>
<arg>${clickButton}</arg>
<doc>Clicks the button identified by ``locator``.</doc>
<status status="PASS" start="2026-02-11T09:40:13.838865" elapsed="0.057652"/>
</kw>
<arg>standard_user</arg>
<arg>secret_sauce</arg>
<status status="PASS" start="2026-02-11T09:40:13.719243" elapsed="0.177442"/>
</kw>
<kw name="add to cart" owner="homePage">
<kw name="Click Element" owner="SeleniumLibrary">
<msg time="2026-02-11T09:40:13.897456" level="INFO">Clicking element '//div[text() = "Sauce Labs Backpack"]/ancestor::div[@data-test="inventory-item-description"]//button'.</msg>
<arg>//div[text() = "${itemToAdd}"]/ancestor::div[@data-test="inventory-item-description"]//button</arg>
<doc>Click the element identified by ``locator``.</doc>
<status status="PASS" start="2026-02-11T09:40:13.897262" elapsed="0.041460"/>
</kw>
<arg>Sauce Labs Backpack</arg>
<status status="PASS" start="2026-02-11T09:40:13.897002" elapsed="0.041808"/>
</kw>
<kw name="go to cart" owner="homePage">
<kw name="Click Element" owner="SeleniumLibrary">
<msg time="2026-02-11T09:40:13.939593" level="INFO">Clicking element '//a[@data-test = "shopping-cart-link"]'.</msg>
<arg>${shoppingCartLink}</arg>
<doc>Click the element identified by ``locator``.</doc>
<status status="PASS" start="2026-02-11T09:40:13.939455" elapsed="0.036381"/>
</kw>
<status status="PASS" start="2026-02-11T09:40:13.939267" elapsed="0.036654"/>
</kw>
<kw name="checkout" owner="checkoutPage">
<kw name="Click Element" owner="SeleniumLibrary">
<msg time="2026-02-11T09:40:13.976713" level="INFO">Clicking element 'id:checkout'.</msg>
<arg>${checkoutButton}</arg>
<doc>Click the element identified by ``locator``.</doc>
<status status="PASS" start="2026-02-11T09:40:13.976558" elapsed="0.035123"/>
</kw>
<kw name="Input Text" owner="SeleniumLibrary">
<msg time="2026-02-11T09:40:14.012016" level="INFO">Typing text 'toto' into text field 'id:first-name'.</msg>
<arg>${firstnameInput}</arg>
<arg>${firstname}</arg>
<doc>Types the given ``text`` into the text field identified by ``locator``.</doc>
<status status="PASS" start="2026-02-11T09:40:14.011821" elapsed="0.041442"/>
</kw>
<kw name="Input Text" owner="SeleniumLibrary">
<msg time="2026-02-11T09:40:14.053606" level="INFO">Typing text 'tata' into text field 'id:last-name'.</msg>
<arg>${lastnameInput}</arg>
<arg>${lastname}</arg>
<doc>Types the given ``text`` into the text field identified by ``locator``.</doc>
<status status="PASS" start="2026-02-11T09:40:14.053410" elapsed="0.039765"/>
</kw>
<kw name="Input Text" owner="SeleniumLibrary">
<msg time="2026-02-11T09:40:14.093514" level="INFO">Typing text '010203' into text field 'id:postal-code'.</msg>
<arg>${postalcodeInput}</arg>
<arg>${postalcode}</arg>
<doc>Types the given ``text`` into the text field identified by ``locator``.</doc>
<status status="PASS" start="2026-02-11T09:40:14.093321" elapsed="0.042202"/>
</kw>
<kw name="Click Element" owner="SeleniumLibrary">
<msg time="2026-02-11T09:40:14.135837" level="INFO">Clicking element 'id:continue'.</msg>
<arg>${continueButton}</arg>
<doc>Click the element identified by ``locator``.</doc>
<status status="PASS" start="2026-02-11T09:40:14.135662" elapsed="0.037646"/>
</kw>
<kw name="Click Element" owner="SeleniumLibrary">
<msg time="2026-02-11T09:40:14.173624" level="INFO">Clicking element 'id:finish'.</msg>
<arg>${finishButton}</arg>
<doc>Click the element identified by ``locator``.</doc>
<status status="PASS" start="2026-02-11T09:40:14.173446" elapsed="0.033990"/>
</kw>
<arg>firstname=toto</arg>
<arg>lastname=tata</arg>
<arg>postalcode=010203</arg>
<status status="PASS" start="2026-02-11T09:40:13.976316" elapsed="0.231203"/>
</kw>
<kw name="check checkout success" owner="checkoutPage">
<kw name="Element Should Be Visible" owner="SeleniumLibrary">
<msg time="2026-02-11T09:40:14.219986" level="INFO">Element '//h2[text() = "Thank you for your order!"]' is displayed.</msg>
<arg>${successMessage}</arg>
<doc>Verifies that the element identified by ``locator`` is visible.</doc>
<status status="PASS" start="2026-02-11T09:40:14.208169" elapsed="0.011890"/>
</kw>
<status status="PASS" start="2026-02-11T09:40:14.207979" elapsed="0.012146"/>
</kw>
<kw name="close" owner="setup_teardown" type="TEARDOWN">
<kw name="Close Browser" owner="SeleniumLibrary">
<doc>Closes the current browser.</doc>
<status status="PASS" start="2026-02-11T09:40:14.220822" elapsed="2.124302"/>
</kw>
<status status="PASS" start="2026-02-11T09:40:14.220610" elapsed="2.124631"/>
</kw>
<status status="PASS" start="2026-02-11T09:40:12.820316" elapsed="3.525296"/>
</test>
<status status="PASS" start="2026-02-11T09:40:12.677583" elapsed="3.669509"/>
</suite>
<suite id="s1-s2" name="homeTest" source="C:\POEI\dev\Mini_projet_robot_framework\tests\homeTest.robot">
<test id="s1-s2-t1" name="test ajout au panier" line="10">
<kw name="open" owner="setup_teardown" type="SETUP">
<kw name="Open Browser" owner="SeleniumLibrary">
<msg time="2026-02-11T09:40:16.351928" level="INFO">Opening browser 'chrome' to base url 'https://www.saucedemo.com/'.</msg>
<arg>${monURL}</arg>
<arg>${BROWSER}</arg>
<arg>options=add_argument("--incognito")</arg>
<doc>Opens a new browser instance to the optional ``url``.</doc>
<status status="PASS" start="2026-02-11T09:40:16.351784" elapsed="0.839776"/>
</kw>
<kw name="Maximize Browser Window" owner="SeleniumLibrary">
<doc>Maximizes current browser window.</doc>
<status status="PASS" start="2026-02-11T09:40:17.191697" elapsed="0.021177"/>
</kw>
<status status="PASS" start="2026-02-11T09:40:16.351588" elapsed="0.861366"/>
</kw>
<kw name="login" owner="loginPage">
<kw name="Input Text" owner="SeleniumLibrary">
<msg time="2026-02-11T09:40:17.213612" level="INFO">Typing text 'standard_user' into text field 'id:user-name'.</msg>
<arg>${usernameInput}</arg>
<arg>${username}</arg>
<doc>Types the given ``text`` into the text field identified by ``locator``.</doc>
<status status="PASS" start="2026-02-11T09:40:17.213472" elapsed="0.072833"/>
</kw>
<kw name="Input Password" owner="SeleniumLibrary">
<msg time="2026-02-11T09:40:17.286782" level="INFO">Typing password into text field 'id:password'.</msg>
<msg time="2026-02-11T09:40:17.305734" level="INFO">Temporally setting log level to: NONE</msg>
<arg>${passwordInput}</arg>
<arg>${password}</arg>
<doc>Types the given password into the text field identified by ``locator``.</doc>
<status status="PASS" start="2026-02-11T09:40:17.286575" elapsed="0.047808"/>
</kw>
<kw name="Click Button" owner="SeleniumLibrary">
<msg time="2026-02-11T09:40:17.334688" level="INFO">Clicking button 'id:login-button'.</msg>
<arg>${clickButton}</arg>
<doc>Clicks the button identified by ``locator``.</doc>
<status status="PASS" start="2026-02-11T09:40:17.334522" elapsed="0.063020"/>
</kw>
<arg>standard_user</arg>
<arg>secret_sauce</arg>
<status status="PASS" start="2026-02-11T09:40:17.213265" elapsed="0.184364"/>
</kw>
<kw name="add to cart" owner="homePage">
<kw name="Click Element" owner="SeleniumLibrary">
<msg time="2026-02-11T09:40:17.398710" level="INFO">Clicking element '//div[text() = "Sauce Labs Backpack"]/ancestor::div[@data-test="inventory-item-description"]//button'.</msg>
<arg>//div[text() = "${itemToAdd}"]/ancestor::div[@data-test="inventory-item-description"]//button</arg>
<doc>Click the element identified by ``locator``.</doc>
<status status="PASS" start="2026-02-11T09:40:17.398470" elapsed="0.040148"/>
</kw>
<arg>Sauce Labs Backpack</arg>
<status status="PASS" start="2026-02-11T09:40:17.398117" elapsed="0.040589"/>
</kw>
<kw name="check cart not empty" owner="homePage">
<kw name="Element Should Be Visible" owner="SeleniumLibrary">
<msg time="2026-02-11T09:40:17.450691" level="INFO">Element '//span[@data-test = "shopping-cart-badge"]' is displayed.</msg>
<arg>${shoppingCartBadge}</arg>
<doc>Verifies that the element identified by ``locator`` is visible.</doc>
<status status="PASS" start="2026-02-11T09:40:17.439175" elapsed="0.011600"/>
</kw>
<status status="PASS" start="2026-02-11T09:40:17.438971" elapsed="0.011874"/>
</kw>
<kw name="close" owner="setup_teardown" type="TEARDOWN">
<kw name="Close Browser" owner="SeleniumLibrary">
<doc>Closes the current browser.</doc>
<status status="PASS" start="2026-02-11T09:40:17.451297" elapsed="2.113143"/>
</kw>
<status status="PASS" start="2026-02-11T09:40:17.451113" elapsed="2.113661"/>
</kw>
<status status="PASS" start="2026-02-11T09:40:16.350902" elapsed="3.214504"/>
</test>
<status status="PASS" start="2026-02-11T09:40:16.347938" elapsed="3.219532"/>
</suite>
<suite id="s1-s3" name="loginTest" source="C:\POEI\dev\Mini_projet_robot_framework\tests\loginTest.robot">
<test id="s1-s3-t1" name="test success login" line="11">
<kw name="open" owner="setup_teardown" type="SETUP">
<kw name="Open Browser" owner="SeleniumLibrary">
<msg time="2026-02-11T09:40:19.578991" level="INFO">Opening browser 'chrome' to base url 'https://www.saucedemo.com/'.</msg>
<arg>${monURL}</arg>
<arg>${BROWSER}</arg>
<arg>options=add_argument("--incognito")</arg>
<doc>Opens a new browser instance to the optional ``url``.</doc>
<status status="PASS" start="2026-02-11T09:40:19.578753" elapsed="0.797381"/>
</kw>
<kw name="Maximize Browser Window" owner="SeleniumLibrary">
<doc>Maximizes current browser window.</doc>
<status status="PASS" start="2026-02-11T09:40:20.376275" elapsed="0.020460"/>
</kw>
<status status="PASS" start="2026-02-11T09:40:19.578518" elapsed="0.818310"/>
</kw>
<kw name="login" owner="loginPage">
<kw name="Input Text" owner="SeleniumLibrary">
<msg time="2026-02-11T09:40:20.397555" level="INFO">Typing text 'standard_user' into text field 'id:user-name'.</msg>
<arg>${usernameInput}</arg>
<arg>${username}</arg>
<doc>Types the given ``text`` into the text field identified by ``locator``.</doc>
<status status="PASS" start="2026-02-11T09:40:20.397412" elapsed="0.072055"/>
</kw>
<kw name="Input Password" owner="SeleniumLibrary">
<msg time="2026-02-11T09:40:20.469804" level="INFO">Typing password into text field 'id:password'.</msg>
<msg time="2026-02-11T09:40:20.489909" level="INFO">Temporally setting log level to: NONE</msg>
<arg>${passwordInput}</arg>
<arg>${password}</arg>
<doc>Types the given password into the text field identified by ``locator``.</doc>
<status status="PASS" start="2026-02-11T09:40:20.469612" elapsed="0.049093"/>
</kw>
<kw name="Click Button" owner="SeleniumLibrary">
<msg time="2026-02-11T09:40:20.519005" level="INFO">Clicking button 'id:login-button'.</msg>
<arg>${clickButton}</arg>
<doc>Clicks the button identified by ``locator``.</doc>
<status status="PASS" start="2026-02-11T09:40:20.518844" elapsed="0.057242"/>
</kw>
<arg>${usernameCredential}</arg>
<arg>${passwordCredential}</arg>
<status status="PASS" start="2026-02-11T09:40:20.397160" elapsed="0.179015"/>
</kw>
<kw name="check home page" owner="homePage">
<kw name="Location Should Be" owner="SeleniumLibrary">
<msg time="2026-02-11T09:40:20.580221" level="INFO">Current location is 'https://www.saucedemo.com/inventory.html'.</msg>
<arg>url=https://www.saucedemo.com/inventory.html</arg>
<doc>Verifies that the current URL is exactly ``url``.</doc>
<status status="PASS" start="2026-02-11T09:40:20.576786" elapsed="0.003501"/>
</kw>
<status status="PASS" start="2026-02-11T09:40:20.576574" elapsed="0.003773"/>
</kw>
<kw name="close" owner="setup_teardown" type="TEARDOWN">
<kw name="Close Browser" owner="SeleniumLibrary">
<doc>Closes the current browser.</doc>
<status status="PASS" start="2026-02-11T09:40:20.580756" elapsed="2.094148"/>
</kw>
<status status="PASS" start="2026-02-11T09:40:20.580591" elapsed="2.094767"/>
</kw>
<status status="PASS" start="2026-02-11T09:40:19.577936" elapsed="3.098363"/>
</test>
<test id="s1-s3-t2" name="test failed login" line="15">
<kw name="open" owner="setup_teardown" type="SETUP">
<kw name="Open Browser" owner="SeleniumLibrary">
<msg time="2026-02-11T09:40:22.680987" level="INFO">Opening browser 'chrome' to base url 'https://www.saucedemo.com/'.</msg>
<arg>${monURL}</arg>
<arg>${BROWSER}</arg>
<arg>options=add_argument("--incognito")</arg>
<doc>Opens a new browser instance to the optional ``url``.</doc>
<status status="PASS" start="2026-02-11T09:40:22.680713" elapsed="0.979545"/>
</kw>
<kw name="Maximize Browser Window" owner="SeleniumLibrary">
<doc>Maximizes current browser window.</doc>
<status status="PASS" start="2026-02-11T09:40:23.660401" elapsed="0.025802"/>
</kw>
<status status="PASS" start="2026-02-11T09:40:22.680038" elapsed="1.006253"/>
</kw>
<kw name="login" owner="loginPage">
<kw name="Input Text" owner="SeleniumLibrary">
<msg time="2026-02-11T09:40:23.687034" level="INFO">Typing text 'standard_user' into text field 'id:user-name'.</msg>
<arg>${usernameInput}</arg>
<arg>${username}</arg>
<doc>Types the given ``text`` into the text field identified by ``locator``.</doc>
<status status="PASS" start="2026-02-11T09:40:23.686881" elapsed="0.065023"/>
</kw>
<kw name="Input Password" owner="SeleniumLibrary">
<msg time="2026-02-11T09:40:23.752230" level="INFO">Typing password into text field 'id:password'.</msg>
<msg time="2026-02-11T09:40:23.769448" level="INFO">Temporally setting log level to: NONE</msg>
<arg>${passwordInput}</arg>
<arg>${password}</arg>
<doc>Types the given password into the text field identified by ``locator``.</doc>
<status status="PASS" start="2026-02-11T09:40:23.752043" elapsed="0.047283"/>
</kw>
<kw name="Click Button" owner="SeleniumLibrary">
<msg time="2026-02-11T09:40:23.799657" level="INFO">Clicking button 'id:login-button'.</msg>
<arg>${clickButton}</arg>
<doc>Clicks the button identified by ``locator``.</doc>
<status status="PASS" start="2026-02-11T09:40:23.799481" elapsed="0.043682"/>
</kw>
<arg>${usernameCredential}</arg>
<arg>${wrondPasswordCredential}</arg>
<status status="PASS" start="2026-02-11T09:40:23.686625" elapsed="0.156628"/>
</kw>
<kw name="check error message" owner="loginPage">
<kw name="Element Should Be Visible" owner="SeleniumLibrary">
<msg time="2026-02-11T09:40:23.854727" level="INFO">Element '//h3[@data-test="error"]' is displayed.</msg>
<arg>${errorMessage}</arg>
<doc>Verifies that the element identified by ``locator`` is visible.</doc>
<status status="PASS" start="2026-02-11T09:40:23.843779" elapsed="0.011015"/>
</kw>
<status status="PASS" start="2026-02-11T09:40:23.843583" elapsed="0.011277"/>
</kw>
<kw name="close" owner="setup_teardown" type="TEARDOWN">
<kw name="Close Browser" owner="SeleniumLibrary">
<doc>Closes the current browser.</doc>
<status status="PASS" start="2026-02-11T09:40:23.855314" elapsed="2.101122"/>
</kw>
<status status="PASS" start="2026-02-11T09:40:23.855145" elapsed="2.101408"/>
</kw>
<status status="PASS" start="2026-02-11T09:40:22.678857" elapsed="3.278013"/>
</test>
<status status="PASS" start="2026-02-11T09:40:19.569323" elapsed="6.388393"/>
</suite>
<status status="PASS" start="2026-02-11T09:40:12.654256" elapsed="13.304624"/>
</suite>
<statistics>
<total>
<stat pass="4" fail="0" skip="0">All Tests</stat>
</total>
<tag>
</tag>
<suite>
<stat name="Tests" id="s1" pass="4" fail="0" skip="0">Tests</stat>
<stat name="checkoutTest" id="s1-s1" pass="1" fail="0" skip="0">Tests.checkoutTest</stat>
<stat name="homeTest" id="s1-s2" pass="1" fail="0" skip="0">Tests.homeTest</stat>
<stat name="loginTest" id="s1-s3" pass="2" fail="0" skip="0">Tests.loginTest</stat>
</suite>
</statistics>
<errors>
</errors>
</robot>
